<?xml version="1.0" encoding="UTF-8"?>
<!-- Generated by org.testng.reporters.JUnitXMLReporter -->
<testsuite ignored="0" hostname="DESKTOP-HAIIK4K" failures="1" tests="1" name="test1" time="11.495" errors="0" timestamp="2025-09-25T07:24:20 IST">
  <testcase classname="TestCases.CartTestCase" name="carttestcase" time="8.214">
    <failure type="java.lang.AssertionError" message="expected [true] but found [false]">
      <![CDATA[java.lang.AssertionError: expected [true] but found [false]
at TestCases.CartTestCase.carttestcase(CartTestCase.java:30)
at java.base/java.util.ArrayList.forEach(ArrayList.java:1596)
... Removed 29 stack frames]]>
    </failure>
  </testcase> <!-- carttestcase -->
</testsuite> <!-- test1 -->
