<?xml version="1.0" encoding="UTF-8"?>
<testng-results ignored="0" total="1" passed="1" failed="0" skipped="0">
  <reporter-output>
  </reporter-output>
  <suite started-at="2025-09-27T08:36:38 IST" name="Default suite" finished-at="2025-09-27T08:37:27 IST" duration-ms="49011">
    <groups>
    </groups>
    <test started-at="2025-09-27T08:36:38 IST" name="Default test" finished-at="2025-09-27T08:37:27 IST" duration-ms="49011">
      <class name="TestCases.CheckoutTestCase">
        <test-method is-config="true" signature="setup(org.testng.ITestContext)[pri:0, instance:TestCases.CheckoutTestCase@24269709]" started-at="2025-09-27T08:36:38 IST" name="setup" finished-at="2025-09-27T08:36:40 IST" duration-ms="1859" status="PASS">
          <params>
            <param index="0">
              <value>
                <![CDATA[org.testng.TestRunner@4364712f]]>
              </value>
            </param>
          </params>
          <reporter-output>
          </reporter-output>
        </test-method> <!-- setup -->
        <test-method signature="checkoutcase()[pri:0, instance:TestCases.CheckoutTestCase@24269709]" started-at="2025-09-27T08:36:40 IST" name="checkoutcase" finished-at="2025-09-27T08:37:27 IST" duration-ms="46865" status="PASS">
          <reporter-output>
          </reporter-output>
        </test-method> <!-- checkoutcase -->
        <test-method is-config="true" signature="close()[pri:0, instance:TestCases.CheckoutTestCase@24269709]" started-at="2025-09-27T08:37:27 IST" name="close" finished-at="2025-09-27T08:37:27 IST" duration-ms="234" status="PASS">
          <reporter-output>
          </reporter-output>
        </test-method> <!-- close -->
      </class> <!-- TestCases.CheckoutTestCase -->
    </test> <!-- Default test -->
  </suite> <!-- Default suite -->
</testng-results>
